<?xml version="1.0" encoding="UTF-8"?>
<!-- Generated by org.testng.reporters.JUnitReportReporter -->
<testsuite skipped="0" hostname="DESKTOP-FUR6L4J" name="Postman_test.pm_test" tests="1" failures="0" timestamp="13 Feb 2021 15:08:13 GMT" time="2.662" errors="0">
  <testcase name="test_assert" time="2.662" classname="Postman_test.pm_test"/>
</testsuite> <!-- Postman_test.pm_test -->
