<?xml version="1.0" encoding="UTF-8"?>
<!-- Generated by org.testng.reporters.JUnitReportReporter -->
<testsuite skipped="0" hostname="DESKTOP-FUR6L4J" name="Postman_test.Postman_API" tests="2" failures="0" timestamp="13 Feb 2021 16:17:31 GMT" time="5.512" errors="0">
  <testcase name="get_item_description" time="0.721" classname="Postman_test.Postman_API"/>
  <testcase name="get_auth_title" time="4.791" classname="Postman_test.Postman_API"/>
</testsuite> <!-- Postman_test.Postman_API -->
