<?xml version="1.0" encoding="UTF-8"?>
<!-- Generated by org.testng.reporters.JUnitReportReporter -->
<testsuite skipped="0" hostname="DESKTOP-FUR6L4J" name="Id_VOIS_Task.VOIS_Task.run_class" tests="1" failures="0" timestamp="13 Feb 2021 16:16:53 GMT" time="139.527" errors="0">
  <testcase name="run_m" time="139.527" classname="Id_VOIS_Task.VOIS_Task.run_class"/>
</testsuite> <!-- Id_VOIS_Task.VOIS_Task.run_class -->
